<?xml version="1.0" encoding="UTF-8"?>
<testsuite xmlns:xsi="http://www.w3.org/2001/XMLSchema-instance" xsi:noNamespaceSchemaLocation="https://maven.apache.org/surefire/maven-surefire-plugin/xsd/surefire-test-report-3.0.xsd" version="3.0" name="com.abinandan.spamdetection.auth.NumberGuardApplicationTests" time="4.813" tests="1" errors="0" skipped="0" failures="0">
  <properties>
[...]
</properties>
  <testcase name="contextLoads" classname="com.abinandan.spamdetection.auth.NumberGuardApplicationTests" time="0.298">
    <system-out><![CDATA[23:59:05.798 [main] INFO org.springframework.test.context.support.AnnotationConfigContextLoaderUtils -- Could not detect default configuration classes for test class [com.abinandan.spamdetection.auth.NumberGuardApplicationTests]: NumberGuardApplicationTests does not declare any static, non-private, non-final, nested classes annotated with @Configuration.
23:59:05.879 [main] INFO org.springframework.boot.test.context.SpringBootTestContextBootstrapper -- Found @SpringBootConfiguration com.abinandan.spamdetection.NumberGuardApplication for test class com.abinandan.spamdetection.auth.NumberGuardApplicationTests

  .   ____          _            __ _ _
 /\\ / ___'_ __ _ _(_)_ __  __ _ \ \ \ \
( ( )\___ | '_ | '_| | '_ \/ _` | \ \ \ \
 \\/  ___)| |_)| | | | | || (_| |  ) ) ) )
  '  |____| .__|_| |_|_| |_\__, | / / / /
 =========|_|==============|___/=/_/_/_/

 :: Spring Boot ::                (v3.3.1)

2024-08-17T23:59:06.193+05:30  INFO 27800 --- [           main] c.a.s.auth.NumberGuardApplicationTests   : Starting NumberGuardApplicationTests using Java 21.0.4 with PID 27800 (started by abiz1 in D:\dev\Spring\truID)
2024-08-17T23:59:06.194+05:30  INFO 27800 --- [           main] c.a.s.auth.NumberGuardApplicationTests   : No active profile set, falling back to 1 default profile: "default"
2024-08-17T23:59:06.762+05:30  INFO 27800 --- [           main] .s.d.r.c.RepositoryConfigurationDelegate : Bootstrapping Spring Data JPA repositories in DEFAULT mode.
2024-08-17T23:59:06.820+05:30  INFO 27800 --- [           main] .s.d.r.c.RepositoryConfigurationDelegate : Finished Spring Data repository scanning in 51 ms. Found 3 JPA repository interfaces.
2024-08-17T23:59:07.144+05:30  INFO 27800 --- [           main] com.zaxxer.hikari.HikariDataSource       : HikariPool-1 - Starting...
2024-08-17T23:59:07.343+05:30  INFO 27800 --- [           main] com.zaxxer.hikari.pool.HikariPool        : HikariPool-1 - Added connection org.postgresql.jdbc.PgConnection@59096b66
2024-08-17T23:59:07.364+05:30  INFO 27800 --- [           main] com.zaxxer.hikari.HikariDataSource       : HikariPool-1 - Start completed.
2024-08-17T23:59:07.464+05:30  INFO 27800 --- [           main] o.hibernate.jpa.internal.util.LogHelper  : HHH000204: Processing PersistenceUnitInfo [name: default]
2024-08-17T23:59:07.540+05:30  INFO 27800 --- [           main] org.hibernate.Version                    : HHH000412: Hibernate ORM core version 6.5.2.Final
2024-08-17T23:59:07.620+05:30  INFO 27800 --- [           main] o.h.c.internal.RegionFactoryInitiator    : HHH000026: Second-level cache disabled
2024-08-17T23:59:08.034+05:30  INFO 27800 --- [           main] o.s.o.j.p.SpringPersistenceUnitInfo      : No LoadTimeWeaver setup: ignoring JPA class transformer
2024-08-17T23:59:08.072+05:30  WARN 27800 --- [           main] org.hibernate.orm.deprecation            : HHH90000025: PostgreSQLDialect does not need to be specified explicitly using 'hibernate.dialect' (remove the property setting and it will be selected by default)
2024-08-17T23:59:08.672+05:30  INFO 27800 --- [           main] o.h.e.t.j.p.i.JtaPlatformInitiator       : HHH000489: No JTA platform available (set 'hibernate.transaction.jta.platform' to enable JTA platform integration)
Hibernate: 
    drop table if exists _user cascade
2024-08-17T23:59:08.684+05:30  WARN 27800 --- [           main] o.h.engine.jdbc.spi.SqlExceptionHelper   : SQL Warning Code: 0, SQLState: 00000
2024-08-17T23:59:08.684+05:30  WARN 27800 --- [           main] o.h.engine.jdbc.spi.SqlExceptionHelper   : table "_user" does not exist, skipping
Hibernate: 
    drop table if exists global_contact cascade
2024-08-17T23:59:08.684+05:30  WARN 27800 --- [           main] o.h.engine.jdbc.spi.SqlExceptionHelper   : SQL Warning Code: 0, SQLState: 00000
2024-08-17T23:59:08.684+05:30  WARN 27800 --- [           main] o.h.engine.jdbc.spi.SqlExceptionHelper   : table "global_contact" does not exist, skipping
Hibernate: 
    drop table if exists spam cascade
2024-08-17T23:59:08.685+05:30  WARN 27800 --- [           main] o.h.engine.jdbc.spi.SqlExceptionHelper   : SQL Warning Code: 0, SQLState: 00000
2024-08-17T23:59:08.685+05:30  WARN 27800 --- [           main] o.h.engine.jdbc.spi.SqlExceptionHelper   : table "spam" does not exist, skipping
Hibernate: 
    drop sequence if exists _user_seq
2024-08-17T23:59:08.686+05:30  WARN 27800 --- [           main] o.h.engine.jdbc.spi.SqlExceptionHelper   : SQL Warning Code: 0, SQLState: 00000
2024-08-17T23:59:08.686+05:30  WARN 27800 --- [           main] o.h.engine.jdbc.spi.SqlExceptionHelper   : sequence "_user_seq" does not exist, skipping
Hibernate: 
    drop sequence if exists global_contact_seq
2024-08-17T23:59:08.687+05:30  WARN 27800 --- [           main] o.h.engine.jdbc.spi.SqlExceptionHelper   : SQL Warning Code: 0, SQLState: 00000
2024-08-17T23:59:08.687+05:30  WARN 27800 --- [           main] o.h.engine.jdbc.spi.SqlExceptionHelper   : sequence "global_contact_seq" does not exist, skipping
Hibernate: 
    drop sequence if exists spam_seq
2024-08-17T23:59:08.688+05:30  WARN 27800 --- [           main] o.h.engine.jdbc.spi.SqlExceptionHelper   : SQL Warning Code: 0, SQLState: 00000
2024-08-17T23:59:08.688+05:30  WARN 27800 --- [           main] o.h.engine.jdbc.spi.SqlExceptionHelper   : sequence "spam_seq" does not exist, skipping
Hibernate: 
    create sequence _user_seq start with 1 increment by 50
Hibernate: 
    create sequence global_contact_seq start with 1 increment by 50
Hibernate: 
    create sequence spam_seq start with 1 increment by 50
Hibernate: 
    create table _user (
        id integer not null,
        email varchar(255),
        first_name varchar(255),
        last_name varchar(255),
        password varchar(255),
        phone_number varchar(255) unique,
        role varchar(255) check (role in ('USER','ADMIN')),
        primary key (id)
    )
Hibernate: 
    create table global_contact (
        id integer not null,
        registered boolean not null,
        created_at timestamp(6) not null,
        updated_at timestamp(6) not null,
        email varchar(255),
        name varchar(255) not null,
        phone_number varchar(255) not null,
        spam_status varchar(255) not null,
        primary key (id)
    )
Hibernate: 
    create table spam (
        id integer not null,
        reported_count integer,
        created_at timestamp(6),
        updated_at timestamp(6),
        number varchar(255),
        spam_status varchar(255),
        primary key (id)
    )
2024-08-17T23:59:08.733+05:30  INFO 27800 --- [           main] j.LocalContainerEntityManagerFactoryBean : Initialized JPA EntityManagerFactory for persistence unit 'default'
2024-08-17T23:59:09.333+05:30  INFO 27800 --- [           main] eAuthenticationProviderManagerConfigurer : Global AuthenticationManager configured with AuthenticationProvider bean with name authenticationProvider
2024-08-17T23:59:09.334+05:30  WARN 27800 --- [           main] r$InitializeUserDetailsManagerConfigurer : Global AuthenticationManager configured with an AuthenticationProvider bean. UserDetailsService beans will not be used for username/password login. Consider removing the AuthenticationProvider bean. Alternatively, consider using the UserDetailsService in a manually instantiated DaoAuthenticationProvider.
2024-08-17T23:59:09.374+05:30  WARN 27800 --- [           main] JpaBaseConfiguration$JpaWebConfiguration : spring.jpa.open-in-view is enabled by default. Therefore, database queries may be performed during view rendering. Explicitly configure spring.jpa.open-in-view to disable this warning
2024-08-17T23:59:09.857+05:30  INFO 27800 --- [           main] c.a.s.auth.NumberGuardApplicationTests   : Started NumberGuardApplicationTests in 3.864 seconds (process running for 4.608)
Hibernate: 
    select
        gc1_0.id,
        gc1_0.created_at,
        gc1_0.email,
        gc1_0.name,
        gc1_0.phone_number,
        gc1_0.registered,
        gc1_0.spam_status,
        gc1_0.updated_at 
    from
        global_contact gc1_0 
    where
        gc1_0.id=?
Hibernate: 
    select
        nextval('global_contact_seq')
Hibernate: 
    insert 
    into
        global_contact
        (created_at, email, name, phone_number, registered, spam_status, updated_at, id) 
    values
        (?, ?, ?, ?, ?, ?, ?, ?)
Hibernate: 
    select
        gc1_0.id,
        gc1_0.created_at,
        gc1_0.email,
        gc1_0.name,
        gc1_0.phone_number,
        gc1_0.registered,
        gc1_0.spam_status,
        gc1_0.updated_at 
    from
        global_contact gc1_0 
    where
        gc1_0.id=?
Hibernate: 
    select
        nextval('global_contact_seq')
Hibernate: 
    insert 
    into
        global_contact
        (created_at, email, name, phone_number, registered, spam_status, updated_at, id) 
    values
        (?, ?, ?, ?, ?, ?, ?, ?)
Hibernate: 
    select
        gc1_0.id,
        gc1_0.created_at,
        gc1_0.email,
        gc1_0.name,
        gc1_0.phone_number,
        gc1_0.registered,
        gc1_0.spam_status,
        gc1_0.updated_at 
    from
        global_contact gc1_0 
    where
        gc1_0.id=?
Hibernate: 
    insert 
    into
        global_contact
        (created_at, email, name, phone_number, registered, spam_status, updated_at, id) 
    values
        (?, ?, ?, ?, ?, ?, ?, ?)
Hibernate: 
    select
        gc1_0.id,
        gc1_0.created_at,
        gc1_0.email,
        gc1_0.name,
        gc1_0.phone_number,
        gc1_0.registered,
        gc1_0.spam_status,
        gc1_0.updated_at 
    from
        global_contact gc1_0 
    where
        gc1_0.id=?
Hibernate: 
    insert 
    into
        global_contact
        (created_at, email, name, phone_number, registered, spam_status, updated_at, id) 
    values
        (?, ?, ?, ?, ?, ?, ?, ?)
Hibernate: 
    select
        gc1_0.id,
        gc1_0.created_at,
        gc1_0.email,
        gc1_0.name,
        gc1_0.phone_number,
        gc1_0.registered,
        gc1_0.spam_status,
        gc1_0.updated_at 
    from
        global_contact gc1_0 
    where
        gc1_0.id=?
Hibernate: 
    insert 
    into
        global_contact
        (created_at, email, name, phone_number, registered, spam_status, updated_at, id) 
    values
        (?, ?, ?, ?, ?, ?, ?, ?)
Hibernate: 
    select
        gc1_0.id,
        gc1_0.created_at,
        gc1_0.email,
        gc1_0.name,
        gc1_0.phone_number,
        gc1_0.registered,
        gc1_0.spam_status,
        gc1_0.updated_at 
    from
        global_contact gc1_0 
    where
        gc1_0.id=?
Hibernate: 
    insert 
    into
        global_contact
        (created_at, email, name, phone_number, registered, spam_status, updated_at, id) 
    values
        (?, ?, ?, ?, ?, ?, ?, ?)
Hibernate: 
    select
        gc1_0.id,
        gc1_0.created_at,
        gc1_0.email,
        gc1_0.name,
        gc1_0.phone_number,
        gc1_0.registered,
        gc1_0.spam_status,
        gc1_0.updated_at 
    from
        global_contact gc1_0 
    where
        gc1_0.id=?
Hibernate: 
    insert 
    into
        global_contact
        (created_at, email, name, phone_number, registered, spam_status, updated_at, id) 
    values
        (?, ?, ?, ?, ?, ?, ?, ?)
Hibernate: 
    select
        gc1_0.id,
        gc1_0.created_at,
        gc1_0.email,
        gc1_0.name,
        gc1_0.phone_number,
        gc1_0.registered,
        gc1_0.spam_status,
        gc1_0.updated_at 
    from
        global_contact gc1_0 
    where
        gc1_0.id=?
Hibernate: 
    insert 
    into
        global_contact
        (created_at, email, name, phone_number, registered, spam_status, updated_at, id) 
    values
        (?, ?, ?, ?, ?, ?, ?, ?)
Hibernate: 
    select
        gc1_0.id,
        gc1_0.created_at,
        gc1_0.email,
        gc1_0.name,
        gc1_0.phone_number,
        gc1_0.registered,
        gc1_0.spam_status,
        gc1_0.updated_at 
    from
        global_contact gc1_0 
    where
        gc1_0.id=?
Hibernate: 
    insert 
    into
        global_contact
        (created_at, email, name, phone_number, registered, spam_status, updated_at, id) 
    values
        (?, ?, ?, ?, ?, ?, ?, ?)
Hibernate: 
    select
        gc1_0.id,
        gc1_0.created_at,
        gc1_0.email,
        gc1_0.name,
        gc1_0.phone_number,
        gc1_0.registered,
        gc1_0.spam_status,
        gc1_0.updated_at 
    from
        global_contact gc1_0 
    where
        gc1_0.id=?
Hibernate: 
    insert 
    into
        global_contact
        (created_at, email, name, phone_number, registered, spam_status, updated_at, id) 
    values
        (?, ?, ?, ?, ?, ?, ?, ?)
Hibernate: 
    select
        gc1_0.id,
        gc1_0.created_at,
        gc1_0.email,
        gc1_0.name,
        gc1_0.phone_number,
        gc1_0.registered,
        gc1_0.spam_status,
        gc1_0.updated_at 
    from
        global_contact gc1_0 
    where
        gc1_0.id=?
Hibernate: 
    insert 
    into
        global_contact
        (created_at, email, name, phone_number, registered, spam_status, updated_at, id) 
    values
        (?, ?, ?, ?, ?, ?, ?, ?)
Hibernate: 
    select
        gc1_0.id,
        gc1_0.created_at,
        gc1_0.email,
        gc1_0.name,
        gc1_0.phone_number,
        gc1_0.registered,
        gc1_0.spam_status,
        gc1_0.updated_at 
    from
        global_contact gc1_0 
    where
        gc1_0.id=?
Hibernate: 
    insert 
    into
        global_contact
        (created_at, email, name, phone_number, registered, spam_status, updated_at, id) 
    values
        (?, ?, ?, ?, ?, ?, ?, ?)
Hibernate: 
    select
        u1_0.id,
        u1_0.email,
        u1_0.first_name,
        u1_0.last_name,
        u1_0.password,
        u1_0.phone_number,
        u1_0.role 
    from
        _user u1_0 
    where
        u1_0.id=?
Hibernate: 
    select
        nextval('_user_seq')
Hibernate: 
    insert 
    into
        _user
        (email, first_name, last_name, password, phone_number, role, id) 
    values
        (?, ?, ?, ?, ?, ?, ?)
Hibernate: 
    select
        u1_0.id,
        u1_0.email,
        u1_0.first_name,
        u1_0.last_name,
        u1_0.password,
        u1_0.phone_number,
        u1_0.role 
    from
        _user u1_0 
    where
        u1_0.id=?
Hibernate: 
    select
        nextval('_user_seq')
Hibernate: 
    insert 
    into
        _user
        (email, first_name, last_name, password, phone_number, role, id) 
    values
        (?, ?, ?, ?, ?, ?, ?)
Hibernate: 
    select
        u1_0.id,
        u1_0.email,
        u1_0.first_name,
        u1_0.last_name,
        u1_0.password,
        u1_0.phone_number,
        u1_0.role 
    from
        _user u1_0 
    where
        u1_0.id=?
Hibernate: 
    insert 
    into
        _user
        (email, first_name, last_name, password, phone_number, role, id) 
    values
        (?, ?, ?, ?, ?, ?, ?)
Hibernate: 
    select
        s1_0.id,
        s1_0.created_at,
        s1_0.number,
        s1_0.reported_count,
        s1_0.spam_status,
        s1_0.updated_at 
    from
        spam s1_0 
    where
        s1_0.id=?
Hibernate: 
    select
        nextval('spam_seq')
Hibernate: 
    insert 
    into
        spam
        (created_at, number, reported_count, spam_status, updated_at, id) 
    values
        (?, ?, ?, ?, ?, ?)
]]></system-out>
    <system-err><![CDATA[WARNING: A Java agent has been loaded dynamically (C:\Users\abiz1\.m2\repository\net\bytebuddy\byte-buddy-agent\1.14.17\byte-buddy-agent-1.14.17.jar)
WARNING: If a serviceability tool is in use, please run with -XX:+EnableDynamicAgentLoading to hide this warning
WARNING: If a serviceability tool is not in use, please run with -Djdk.instrument.traceUsage for more information
WARNING: Dynamic loading of agents will be disallowed by default in a future release
]]></system-err>
  </testcase>
</testsuite>